[2023-10-31 23:08:48,483] 24 root - INFO - data ingestion started
[2023-10-31 23:08:48,805] 28 root - INFO -  i have read dataset as a df
[2023-10-31 23:08:49,990] 33 root - INFO -  i have saved the raw dataset in artifact folder
[2023-10-31 23:08:49,990] 35 root - INFO - here i have performed train test split
[2023-10-31 23:08:50,036] 38 root - INFO - train test split completed
[2023-10-31 23:08:51,275] 43 root - INFO - data ingestion part completed
[2023-10-31 23:08:51,603] 86 root - INFO - read train and test data complete
[2023-10-31 23:08:51,614] 87 root - INFO - Train Dataframe Head : 
       id  carat        cut color clarity  depth  table     x     y     z  price
0  137674   1.00  Very Good     D     SI1   63.4   61.0  6.31  6.35  4.01   5376
1   71067   0.44    Premium     E     SI1   62.8   58.0  4.85  4.82  3.05   1042
2   85331   0.31      Ideal     G     VS1   62.6   56.0  4.32  4.35  2.71    625
3  150148   0.32      Ideal     I      IF   62.1   56.0  4.39  4.44  2.74    715
4   16467   0.37    Premium     D     SI2   60.3   59.0  4.61  4.63  2.78    683
[2023-10-31 23:08:51,622] 88 root - INFO - Test Dataframe Head : 
       id  carat    cut color clarity  depth  table     x     y     z  price
0   32687   0.32  Ideal     G     VS2   62.4   55.0  4.37  4.40  2.73    561
1  131559   0.71  Ideal     H     SI1   61.2   56.0  5.77  5.82  3.53   2230
2  110032   1.61  Ideal     D     SI1   61.9   55.0  7.51  7.54  4.66  11196
3   58405   0.55  Ideal     G    VVS1   61.7   55.0  5.26  5.24  3.24   2005
4   36330   0.31  Ideal     G     VS1   62.2   57.0  4.33  4.31  2.69    802
[2023-10-31 23:08:51,622] 31 root - INFO - Data Transformation initiated
[2023-10-31 23:08:51,622] 42 root - INFO - Pipeline Initiated
[2023-10-31 23:08:52,103] 106 root - INFO - Applying preprocessing object on training and testing datasets.
[2023-10-31 23:08:52,116] 116 root - INFO - preprocessing pickle file saved
[2023-10-31 23:08:52,124] 25 root - INFO - Splitting Dependent and Independent variables from train and test data
[2023-10-31 23:08:53,691] 43 root - INFO - Model Report : {'LinearRegression': 0.9371833270210879, 'Lasso': 0.9371450223165703, 'Ridge': 0.9371840319831863, 'Elasticnet': 0.8555433448690095}
[2023-10-31 23:08:53,692] 56 root - INFO - Best Model Found , Model Name : Ridge , R2 Score : 0.9371840319831863
