[2023-11-11 11:34:41,937] 24 root - INFO - data ingestion started
[2023-11-11 11:34:42,157] 28 root - INFO -  i have read dataset as a df
[2023-11-11 11:34:43,008] 33 root - INFO -  i have saved the raw dataset in artifact folder
[2023-11-11 11:34:43,008] 35 root - INFO - here i have performed train test split
[2023-11-11 11:34:43,052] 38 root - INFO - train test split completed
[2023-11-11 11:34:43,972] 43 root - INFO - data ingestion part completed
[2023-11-11 11:34:44,196] 86 root - INFO - read train and test data complete
[2023-11-11 11:34:44,217] 87 root - INFO - Train Dataframe Head : 
      id  carat      cut color clarity  depth  table     x     y     z  price
0  26239   0.34    Ideal     I      IF   60.3   57.0  4.51  4.55  2.74    664
1  20911   1.02    Ideal     F     SI2   62.2   56.0  6.43  6.46  4.01   4116
2   9035   0.31     Good     E    VVS1   63.2   58.0  4.29  4.31  2.71    766
3  73599   1.50  Premium     G     SI1   60.6   60.0  7.47  7.35  4.50  10913
4  37769   0.72    Ideal     I     VS2   61.4   57.0  5.74  5.77  3.53   2507
[2023-11-11 11:34:44,227] 88 root - INFO - Test Dataframe Head : 
       id  carat    cut color clarity  depth  table     x     y     z  price
0  173986   0.72  Ideal     E     SI1   60.7   57.0  5.80  5.75  3.50   2847
1   28862   0.70   Good     E    VVS2   63.9   57.0  5.61  5.55  3.57   3326
2  166582   0.41  Ideal     G     VS1   62.8   57.0  4.76  4.74  2.98    961
3   74281   0.42  Ideal     G     VS2   61.8   56.0  4.80  4.83  2.98   1087
4   51771   0.51  Ideal     I     SI2   60.1   62.0  5.17  5.19  3.12   1057
[2023-11-11 11:34:44,228] 31 root - INFO - Data Transformation initiated
[2023-11-11 11:34:44,228] 42 root - INFO - Pipeline Initiated
[2023-11-11 11:34:44,785] 106 root - INFO - Applying preprocessing object on training and testing datasets.
[2023-11-11 11:34:44,799] 116 root - INFO - preprocessing pickle file saved
[2023-11-11 11:34:44,809] 25 root - INFO - Splitting Dependent and Independent variables from train and test data
[2023-11-11 11:34:46,198] 43 root - INFO - Model Report : {'LinearRegression': 0.9361098268847959, 'Lasso': 0.936133028092871, 'Ridge': 0.9361105781918676, 'Elasticnet': 0.8559604293221461}
[2023-11-11 11:34:46,199] 56 root - INFO - Best Model Found , Model Name : Lasso , R2 Score : 0.936133028092871
