[2023-11-11 11:44:36,247] 96 werkzeug - INFO - [31m[1mWARNING: This is a development server. Do not use it in a production deployment. Use a production WSGI server instead.[0m
 * Running on all addresses (0.0.0.0)
 * Running on http://127.0.0.1:8080
 * Running on http://192.168.43.186:8080
[2023-11-11 11:44:36,247] 96 werkzeug - INFO - [33mPress CTRL+C to quit[0m
[2023-11-11 11:46:35,064] 825 app - ERROR - Exception on / [GET]
Traceback (most recent call last):
  File "E:\fsfulldatasciencemasterendtoend\myvenv\Lib\site-packages\flask\app.py", line 1455, in wsgi_app
    response = self.full_dispatch_request()
               ^^^^^^^^^^^^^^^^^^^^^^^^^^^^
  File "E:\fsfulldatasciencemasterendtoend\myvenv\Lib\site-packages\flask\app.py", line 869, in full_dispatch_request
    rv = self.handle_user_exception(e)
         ^^^^^^^^^^^^^^^^^^^^^^^^^^^^^
  File "E:\fsfulldatasciencemasterendtoend\myvenv\Lib\site-packages\flask\app.py", line 867, in full_dispatch_request
    rv = self.dispatch_request()
         ^^^^^^^^^^^^^^^^^^^^^^^
  File "E:\fsfulldatasciencemasterendtoend\myvenv\Lib\site-packages\flask\app.py", line 852, in dispatch_request
    return self.ensure_sync(self.view_functions[rule.endpoint])(**view_args)
           ^^^^^^^^^^^^^^^^^^^^^^^^^^^^^^^^^^^^^^^^^^^^^^^^^^^^^^^^^^^^^^^^^
  File "E:\fsfulldatasciencemasterendtoend\app.py", line 12, in home_page
    return render_template("index.html")
           ^^^^^^^^^^^^^^^^^^^^^^^^^^^^^
  File "E:\fsfulldatasciencemasterendtoend\myvenv\Lib\site-packages\flask\templating.py", line 151, in render_template
    template = app.jinja_env.get_or_select_template(template_name_or_list)
               ^^^^^^^^^^^^^^^^^^^^^^^^^^^^^^^^^^^^^^^^^^^^^^^^^^^^^^^^^^^
  File "E:\fsfulldatasciencemasterendtoend\myvenv\Lib\site-packages\jinja2\environment.py", line 1081, in get_or_select_template
    return self.get_template(template_name_or_list, parent, globals)
           ^^^^^^^^^^^^^^^^^^^^^^^^^^^^^^^^^^^^^^^^^^^^^^^^^^^^^^^^^
  File "E:\fsfulldatasciencemasterendtoend\myvenv\Lib\site-packages\jinja2\environment.py", line 1010, in get_template
    return self._load_template(name, globals)
           ^^^^^^^^^^^^^^^^^^^^^^^^^^^^^^^^^^
  File "E:\fsfulldatasciencemasterendtoend\myvenv\Lib\site-packages\jinja2\environment.py", line 969, in _load_template
    template = self.loader.load(self, name, self.make_globals(globals))
               ^^^^^^^^^^^^^^^^^^^^^^^^^^^^^^^^^^^^^^^^^^^^^^^^^^^^^^^^
  File "E:\fsfulldatasciencemasterendtoend\myvenv\Lib\site-packages\jinja2\loaders.py", line 126, in load
    source, filename, uptodate = self.get_source(environment, name)
                                 ^^^^^^^^^^^^^^^^^^^^^^^^^^^^^^^^^^
  File "E:\fsfulldatasciencemasterendtoend\myvenv\Lib\site-packages\flask\templating.py", line 65, in get_source
    return self._get_source_fast(environment, template)
           ^^^^^^^^^^^^^^^^^^^^^^^^^^^^^^^^^^^^^^^^^^^^
  File "E:\fsfulldatasciencemasterendtoend\myvenv\Lib\site-packages\flask\templating.py", line 99, in _get_source_fast
    raise TemplateNotFound(template)
jinja2.exceptions.TemplateNotFound: index.html
[2023-11-11 11:46:35,073] 96 werkzeug - INFO - 127.0.0.1 - - [11/Nov/2023 11:46:35] "[35m[1mGET / HTTP/1.1[0m" 500 -
[2023-11-11 11:46:36,027] 825 app - ERROR - Exception on / [GET]
Traceback (most recent call last):
  File "E:\fsfulldatasciencemasterendtoend\myvenv\Lib\site-packages\flask\app.py", line 1455, in wsgi_app
    response = self.full_dispatch_request()
               ^^^^^^^^^^^^^^^^^^^^^^^^^^^^
  File "E:\fsfulldatasciencemasterendtoend\myvenv\Lib\site-packages\flask\app.py", line 869, in full_dispatch_request
    rv = self.handle_user_exception(e)
         ^^^^^^^^^^^^^^^^^^^^^^^^^^^^^
  File "E:\fsfulldatasciencemasterendtoend\myvenv\Lib\site-packages\flask\app.py", line 867, in full_dispatch_request
    rv = self.dispatch_request()
         ^^^^^^^^^^^^^^^^^^^^^^^
  File "E:\fsfulldatasciencemasterendtoend\myvenv\Lib\site-packages\flask\app.py", line 852, in dispatch_request
    return self.ensure_sync(self.view_functions[rule.endpoint])(**view_args)
           ^^^^^^^^^^^^^^^^^^^^^^^^^^^^^^^^^^^^^^^^^^^^^^^^^^^^^^^^^^^^^^^^^
  File "E:\fsfulldatasciencemasterendtoend\app.py", line 12, in home_page
    return render_template("index.html")
           ^^^^^^^^^^^^^^^^^^^^^^^^^^^^^
  File "E:\fsfulldatasciencemasterendtoend\myvenv\Lib\site-packages\flask\templating.py", line 151, in render_template
    template = app.jinja_env.get_or_select_template(template_name_or_list)
               ^^^^^^^^^^^^^^^^^^^^^^^^^^^^^^^^^^^^^^^^^^^^^^^^^^^^^^^^^^^
  File "E:\fsfulldatasciencemasterendtoend\myvenv\Lib\site-packages\jinja2\environment.py", line 1081, in get_or_select_template
    return self.get_template(template_name_or_list, parent, globals)
           ^^^^^^^^^^^^^^^^^^^^^^^^^^^^^^^^^^^^^^^^^^^^^^^^^^^^^^^^^
  File "E:\fsfulldatasciencemasterendtoend\myvenv\Lib\site-packages\jinja2\environment.py", line 1010, in get_template
    return self._load_template(name, globals)
           ^^^^^^^^^^^^^^^^^^^^^^^^^^^^^^^^^^
  File "E:\fsfulldatasciencemasterendtoend\myvenv\Lib\site-packages\jinja2\environment.py", line 969, in _load_template
    template = self.loader.load(self, name, self.make_globals(globals))
               ^^^^^^^^^^^^^^^^^^^^^^^^^^^^^^^^^^^^^^^^^^^^^^^^^^^^^^^^
  File "E:\fsfulldatasciencemasterendtoend\myvenv\Lib\site-packages\jinja2\loaders.py", line 126, in load
    source, filename, uptodate = self.get_source(environment, name)
                                 ^^^^^^^^^^^^^^^^^^^^^^^^^^^^^^^^^^
  File "E:\fsfulldatasciencemasterendtoend\myvenv\Lib\site-packages\flask\templating.py", line 65, in get_source
    return self._get_source_fast(environment, template)
           ^^^^^^^^^^^^^^^^^^^^^^^^^^^^^^^^^^^^^^^^^^^^
  File "E:\fsfulldatasciencemasterendtoend\myvenv\Lib\site-packages\flask\templating.py", line 99, in _get_source_fast
    raise TemplateNotFound(template)
jinja2.exceptions.TemplateNotFound: index.html
[2023-11-11 11:46:36,030] 96 werkzeug - INFO - 127.0.0.1 - - [11/Nov/2023 11:46:36] "[35m[1mGET / HTTP/1.1[0m" 500 -
[2023-11-11 11:46:36,101] 96 werkzeug - INFO - 127.0.0.1 - - [11/Nov/2023 11:46:36] "[33mGET /favicon.ico HTTP/1.1[0m" 404 -
[2023-11-11 11:47:06,621] 825 app - ERROR - Exception on / [GET]
Traceback (most recent call last):
  File "E:\fsfulldatasciencemasterendtoend\myvenv\Lib\site-packages\flask\app.py", line 1455, in wsgi_app
    response = self.full_dispatch_request()
               ^^^^^^^^^^^^^^^^^^^^^^^^^^^^
  File "E:\fsfulldatasciencemasterendtoend\myvenv\Lib\site-packages\flask\app.py", line 869, in full_dispatch_request
    rv = self.handle_user_exception(e)
         ^^^^^^^^^^^^^^^^^^^^^^^^^^^^^
  File "E:\fsfulldatasciencemasterendtoend\myvenv\Lib\site-packages\flask\app.py", line 867, in full_dispatch_request
    rv = self.dispatch_request()
         ^^^^^^^^^^^^^^^^^^^^^^^
  File "E:\fsfulldatasciencemasterendtoend\myvenv\Lib\site-packages\flask\app.py", line 852, in dispatch_request
    return self.ensure_sync(self.view_functions[rule.endpoint])(**view_args)
           ^^^^^^^^^^^^^^^^^^^^^^^^^^^^^^^^^^^^^^^^^^^^^^^^^^^^^^^^^^^^^^^^^
  File "E:\fsfulldatasciencemasterendtoend\app.py", line 12, in home_page
    return render_template("index.html")
           ^^^^^^^^^^^^^^^^^^^^^^^^^^^^^
  File "E:\fsfulldatasciencemasterendtoend\myvenv\Lib\site-packages\flask\templating.py", line 151, in render_template
    template = app.jinja_env.get_or_select_template(template_name_or_list)
               ^^^^^^^^^^^^^^^^^^^^^^^^^^^^^^^^^^^^^^^^^^^^^^^^^^^^^^^^^^^
  File "E:\fsfulldatasciencemasterendtoend\myvenv\Lib\site-packages\jinja2\environment.py", line 1081, in get_or_select_template
    return self.get_template(template_name_or_list, parent, globals)
           ^^^^^^^^^^^^^^^^^^^^^^^^^^^^^^^^^^^^^^^^^^^^^^^^^^^^^^^^^
  File "E:\fsfulldatasciencemasterendtoend\myvenv\Lib\site-packages\jinja2\environment.py", line 1010, in get_template
    return self._load_template(name, globals)
           ^^^^^^^^^^^^^^^^^^^^^^^^^^^^^^^^^^
  File "E:\fsfulldatasciencemasterendtoend\myvenv\Lib\site-packages\jinja2\environment.py", line 969, in _load_template
    template = self.loader.load(self, name, self.make_globals(globals))
               ^^^^^^^^^^^^^^^^^^^^^^^^^^^^^^^^^^^^^^^^^^^^^^^^^^^^^^^^
  File "E:\fsfulldatasciencemasterendtoend\myvenv\Lib\site-packages\jinja2\loaders.py", line 126, in load
    source, filename, uptodate = self.get_source(environment, name)
                                 ^^^^^^^^^^^^^^^^^^^^^^^^^^^^^^^^^^
  File "E:\fsfulldatasciencemasterendtoend\myvenv\Lib\site-packages\flask\templating.py", line 65, in get_source
    return self._get_source_fast(environment, template)
           ^^^^^^^^^^^^^^^^^^^^^^^^^^^^^^^^^^^^^^^^^^^^
  File "E:\fsfulldatasciencemasterendtoend\myvenv\Lib\site-packages\flask\templating.py", line 99, in _get_source_fast
    raise TemplateNotFound(template)
jinja2.exceptions.TemplateNotFound: index.html
[2023-11-11 11:47:06,627] 96 werkzeug - INFO - 127.0.0.1 - - [11/Nov/2023 11:47:06] "[35m[1mGET / HTTP/1.1[0m" 500 -
[2023-11-11 11:47:07,721] 825 app - ERROR - Exception on / [GET]
Traceback (most recent call last):
  File "E:\fsfulldatasciencemasterendtoend\myvenv\Lib\site-packages\flask\app.py", line 1455, in wsgi_app
    response = self.full_dispatch_request()
               ^^^^^^^^^^^^^^^^^^^^^^^^^^^^
  File "E:\fsfulldatasciencemasterendtoend\myvenv\Lib\site-packages\flask\app.py", line 869, in full_dispatch_request
    rv = self.handle_user_exception(e)
         ^^^^^^^^^^^^^^^^^^^^^^^^^^^^^
  File "E:\fsfulldatasciencemasterendtoend\myvenv\Lib\site-packages\flask\app.py", line 867, in full_dispatch_request
    rv = self.dispatch_request()
         ^^^^^^^^^^^^^^^^^^^^^^^
  File "E:\fsfulldatasciencemasterendtoend\myvenv\Lib\site-packages\flask\app.py", line 852, in dispatch_request
    return self.ensure_sync(self.view_functions[rule.endpoint])(**view_args)
           ^^^^^^^^^^^^^^^^^^^^^^^^^^^^^^^^^^^^^^^^^^^^^^^^^^^^^^^^^^^^^^^^^
  File "E:\fsfulldatasciencemasterendtoend\app.py", line 12, in home_page
    return render_template("index.html")
           ^^^^^^^^^^^^^^^^^^^^^^^^^^^^^
  File "E:\fsfulldatasciencemasterendtoend\myvenv\Lib\site-packages\flask\templating.py", line 151, in render_template
    template = app.jinja_env.get_or_select_template(template_name_or_list)
               ^^^^^^^^^^^^^^^^^^^^^^^^^^^^^^^^^^^^^^^^^^^^^^^^^^^^^^^^^^^
  File "E:\fsfulldatasciencemasterendtoend\myvenv\Lib\site-packages\jinja2\environment.py", line 1081, in get_or_select_template
    return self.get_template(template_name_or_list, parent, globals)
           ^^^^^^^^^^^^^^^^^^^^^^^^^^^^^^^^^^^^^^^^^^^^^^^^^^^^^^^^^
  File "E:\fsfulldatasciencemasterendtoend\myvenv\Lib\site-packages\jinja2\environment.py", line 1010, in get_template
    return self._load_template(name, globals)
           ^^^^^^^^^^^^^^^^^^^^^^^^^^^^^^^^^^
  File "E:\fsfulldatasciencemasterendtoend\myvenv\Lib\site-packages\jinja2\environment.py", line 969, in _load_template
    template = self.loader.load(self, name, self.make_globals(globals))
               ^^^^^^^^^^^^^^^^^^^^^^^^^^^^^^^^^^^^^^^^^^^^^^^^^^^^^^^^
  File "E:\fsfulldatasciencemasterendtoend\myvenv\Lib\site-packages\jinja2\loaders.py", line 126, in load
    source, filename, uptodate = self.get_source(environment, name)
                                 ^^^^^^^^^^^^^^^^^^^^^^^^^^^^^^^^^^
  File "E:\fsfulldatasciencemasterendtoend\myvenv\Lib\site-packages\flask\templating.py", line 65, in get_source
    return self._get_source_fast(environment, template)
           ^^^^^^^^^^^^^^^^^^^^^^^^^^^^^^^^^^^^^^^^^^^^
  File "E:\fsfulldatasciencemasterendtoend\myvenv\Lib\site-packages\flask\templating.py", line 99, in _get_source_fast
    raise TemplateNotFound(template)
jinja2.exceptions.TemplateNotFound: index.html
[2023-11-11 11:47:07,726] 96 werkzeug - INFO - 127.0.0.1 - - [11/Nov/2023 11:47:07] "[35m[1mGET / HTTP/1.1[0m" 500 -
